<?xml version="1.0" encoding="UTF-8"?>
<!-- Generated by org.testng.reporters.JUnitXMLReporter -->
<testsuite hostname="Krishnas-MacBook-Air.local" ignored="0" name="open cart home page test" tests="4" failures="0" timestamp="16 Mar 2023 07:04:44 GMT" time="17.507" errors="0">
  <testcase name="homePageTitleTest" time="0.069" classname="com.qa.opencart.tests.HomePageTest"/>
  <testcase name="homePageUlrTest" time="0.006" classname="com.qa.opencart.tests.HomePageTest"/>
  <testcase name="searchTest" time="0.856" classname="com.qa.opencart.tests.HomePageTest"/>
  <testcase name="searchTest" time="2.416" classname="com.qa.opencart.tests.HomePageTest"/>
</testsuite> <!-- open cart home page test -->
